<?xml version="1.0" encoding="UTF-8"?>
<testsuite xmlns:xsi="http://www.w3.org/2001/XMLSchema-instance" xsi:noNamespaceSchemaLocation="https://maven.apache.org/surefire/maven-surefire-plugin/xsd/surefire-test-report.xsd" version="3.0.2" name="com.example.sample_java_assignment_app.SpringbootSampleAppApplicationTests" time="11.441" tests="3" errors="0" skipped="0" failures="0">
  <properties>
[...]
</properties>
  <testcase name="testRegisterUser" classname="com.example.sample_java_assignment_app.SpringbootSampleAppApplicationTests" time="2.116">
    <system-out><![CDATA[16:56:37.740 [main] INFO org.springframework.test.context.support.AnnotationConfigContextLoaderUtils -- Could not detect default configuration classes for test class [com.example.sample_java_assignment_app.SpringbootSampleAppApplicationTests]: SpringbootSampleAppApplicationTests does not declare any static, non-private, non-final, nested classes annotated with @Configuration.
16:56:38.269 [main] INFO org.springframework.boot.test.context.SpringBootTestContextBootstrapper -- Found @SpringBootConfiguration com.example.sample_java_assignment_app.SpringbootSampleAppApplication for test class com.example.sample_java_assignment_app.SpringbootSampleAppApplicationTests

  .   ____          _            __ _ _
 /\\ / ___'_ __ _ _(_)_ __  __ _ \ \ \ \
( ( )\___ | '_ | '_| | '_ \/ _` | \ \ \ \
 \\/  ___)| |_)| | | | | || (_| |  ) ) ) )
  '  |____| .__|_| |_|_| |_\__, | / / / /
 =========|_|==============|___/=/_/_/_/

 :: Spring Boot ::                (v4.0.0)

2025-12-31T16:56:40.456+05:30  INFO 6960 --- [           main] .e.s.SpringbootSampleAppApplicationTests : Starting SpringbootSampleAppApplicationTests using Java 25.0.1 with PID 6960 (started by Omega in C:\Users\Omega\Downloads\sample-java-assignment-app)
2025-12-31T16:56:40.461+05:30  INFO 6960 --- [           main] .e.s.SpringbootSampleAppApplicationTests : No active profile set, falling back to 1 default profile: "default"
2025-12-31T16:56:43.828+05:30  INFO 6960 --- [           main] .e.s.SpringbootSampleAppApplicationTests : Started SpringbootSampleAppApplicationTests in 4.645 seconds (process running for 9.851)
]]></system-out>
    <system-err><![CDATA[Mockito is currently self-attaching to enable the inline-mock-maker. This will no longer work in future releases of the JDK. Please add Mockito as an agent to your build as described in Mockito's documentation: https://javadoc.io/doc/org.mockito/mockito-core/latest/org.mockito/org/mockito/Mockito.html#0.3
WARNING: A Java agent has been loaded dynamically (C:\Users\Omega\.m2\repository\net\bytebuddy\byte-buddy-agent\1.17.8\byte-buddy-agent-1.17.8.jar)
WARNING: If a serviceability tool is in use, please run with -XX:+EnableDynamicAgentLoading to hide this warning
WARNING: If a serviceability tool is not in use, please run with -Djdk.instrument.traceUsage for more information
WARNING: Dynamic loading of agents will be disallowed by default in a future release
]]></system-err>
  </testcase>
  <testcase name="mainTest" classname="com.example.sample_java_assignment_app.SpringbootSampleAppApplicationTests" time="2.161">
    <system-out><![CDATA[
  .   ____          _            __ _ _
 /\\ / ___'_ __ _ _(_)_ __  __ _ \ \ \ \
( ( )\___ | '_ | '_| | '_ \/ _` | \ \ \ \
 \\/  ___)| |_)| | | | | || (_| |  ) ) ) )
  '  |____| .__|_| |_|_| |_\__, | / / / /
 =========|_|==============|___/=/_/_/_/

 :: Spring Boot ::                (v4.0.0)

2025-12-31T16:56:46.058+05:30  INFO 6960 --- [           main] c.e.s.SpringbootSampleAppApplication     : Starting SpringbootSampleAppApplication using Java 25.0.1 with PID 6960 (started by Omega in C:\Users\Omega\Downloads\sample-java-assignment-app)
2025-12-31T16:56:46.060+05:30  INFO 6960 --- [           main] c.e.s.SpringbootSampleAppApplication     : No active profile set, falling back to 1 default profile: "default"
2025-12-31T16:56:47.298+05:30  INFO 6960 --- [           main] o.s.boot.tomcat.TomcatWebServer          : Tomcat initialized with port 8080 (http)
2025-12-31T16:56:47.355+05:30  INFO 6960 --- [           main] o.apache.catalina.core.StandardService   : Starting service [Tomcat]
2025-12-31T16:56:47.356+05:30  INFO 6960 --- [           main] o.apache.catalina.core.StandardEngine    : Starting Servlet engine: [Apache Tomcat/11.0.14]
2025-12-31T16:56:47.480+05:30  INFO 6960 --- [           main] b.w.c.s.WebApplicationContextInitializer : Root WebApplicationContext: initialization completed in 1396 ms
2025-12-31T16:56:48.133+05:30  INFO 6960 --- [           main] o.s.boot.tomcat.TomcatWebServer          : Tomcat started on port 8080 (http) with context path '/'
2025-12-31T16:56:48.141+05:30  INFO 6960 --- [           main] c.e.s.SpringbootSampleAppApplication     : Started SpringbootSampleAppApplication in 2.147 seconds (process running for 14.163)
]]></system-out>
  </testcase>
  <testcase name="testLoginMethod" classname="com.example.sample_java_assignment_app.SpringbootSampleAppApplicationTests" time="0.01"/>
</testsuite>