<?xml version="1.0" encoding="UTF-8"?>
<testsuite xmlns:xsi="http://www.w3.org/2001/XMLSchema-instance" xsi:noNamespaceSchemaLocation="https://maven.apache.org/surefire/maven-surefire-plugin/xsd/surefire-test-report.xsd" version="3.0.2" name="com.example.sample_java_assignment_app.SpringbootSampleAppApplicationTests" time="18.097" tests="3" errors="0" skipped="0" failures="0">
  <properties>
[...]
</properties>
  <testcase name="testRegisterUser" classname="com.example.sample_java_assignment_app.SpringbootSampleAppApplicationTests" time="2.823">
    <system-out><![CDATA[15:31:21.925 [main] INFO org.springframework.test.context.support.AnnotationConfigContextLoaderUtils -- Could not detect default configuration classes for test class [com.example.sample_java_assignment_app.SpringbootSampleAppApplicationTests]: SpringbootSampleAppApplicationTests does not declare any static, non-private, non-final, nested classes annotated with @Configuration.
15:31:22.575 [main] INFO org.springframework.boot.test.context.SpringBootTestContextBootstrapper -- Found @SpringBootConfiguration com.example.sample_java_assignment_app.SpringbootSampleAppApplication for test class com.example.sample_java_assignment_app.SpringbootSampleAppApplicationTests

  .   ____          _            __ _ _
 /\\ / ___'_ __ _ _(_)_ __  __ _ \ \ \ \
( ( )\___ | '_ | '_| | '_ \/ _` | \ \ \ \
 \\/  ___)| |_)| | | | | || (_| |  ) ) ) )
  '  |____| .__|_| |_|_| |_\__, | / / / /
 =========|_|==============|___/=/_/_/_/

 :: Spring Boot ::                (v4.0.0)

2026-01-01T15:31:24.592+05:30  INFO 8516 --- [           main] .e.s.SpringbootSampleAppApplicationTests : Starting SpringbootSampleAppApplicationTests using Java 25.0.1 with PID 8516 (started by Omega in C:\Users\Omega\Downloads\sample-java-assignment-app)
2026-01-01T15:31:24.596+05:30  INFO 8516 --- [           main] .e.s.SpringbootSampleAppApplicationTests : No active profile set, falling back to 1 default profile: "default"
2026-01-01T15:31:33.783+05:30  INFO 8516 --- [           main] .e.s.SpringbootSampleAppApplicationTests : Started SpringbootSampleAppApplicationTests in 10.384 seconds (process running for 16.364)
]]></system-out>
    <system-err><![CDATA[Mockito is currently self-attaching to enable the inline-mock-maker. This will no longer work in future releases of the JDK. Please add Mockito as an agent to your build as described in Mockito's documentation: https://javadoc.io/doc/org.mockito/mockito-core/latest/org.mockito/org/mockito/Mockito.html#0.3
WARNING: A Java agent has been loaded dynamically (C:\Users\Omega\.m2\repository\net\bytebuddy\byte-buddy-agent\1.17.8\byte-buddy-agent-1.17.8.jar)
WARNING: If a serviceability tool is in use, please run with -XX:+EnableDynamicAgentLoading to hide this warning
WARNING: If a serviceability tool is not in use, please run with -Djdk.instrument.traceUsage for more information
WARNING: Dynamic loading of agents will be disallowed by default in a future release
]]></system-err>
  </testcase>
  <testcase name="mainTest" classname="com.example.sample_java_assignment_app.SpringbootSampleAppApplicationTests" time="2.307">
    <system-out><![CDATA[
  .   ____          _            __ _ _
 /\\ / ___'_ __ _ _(_)_ __  __ _ \ \ \ \
( ( )\___ | '_ | '_| | '_ \/ _` | \ \ \ \
 \\/  ___)| |_)| | | | | || (_| |  ) ) ) )
  '  |____| .__|_| |_|_| |_\__, | / / / /
 =========|_|==============|___/=/_/_/_/

 :: Spring Boot ::                (v4.0.0)

2026-01-01T15:31:36.795+05:30  INFO 8516 --- [           main] c.e.s.SpringbootSampleAppApplication     : Starting SpringbootSampleAppApplication using Java 25.0.1 with PID 8516 (started by Omega in C:\Users\Omega\Downloads\sample-java-assignment-app)
2026-01-01T15:31:36.796+05:30  INFO 8516 --- [           main] c.e.s.SpringbootSampleAppApplication     : No active profile set, falling back to 1 default profile: "default"
2026-01-01T15:31:37.912+05:30  INFO 8516 --- [           main] o.s.boot.tomcat.TomcatWebServer          : Tomcat initialized with port 8080 (http)
2026-01-01T15:31:38.022+05:30  INFO 8516 --- [           main] o.apache.catalina.core.StandardService   : Starting service [Tomcat]
2026-01-01T15:31:38.023+05:30  INFO 8516 --- [           main] o.apache.catalina.core.StandardEngine    : Starting Servlet engine: [Apache Tomcat/11.0.14]
2026-01-01T15:31:38.274+05:30  INFO 8516 --- [           main] b.w.c.s.WebApplicationContextInitializer : Root WebApplicationContext: initialization completed in 1468 ms
2026-01-01T15:31:38.991+05:30  INFO 8516 --- [           main] o.s.boot.tomcat.TomcatWebServer          : Tomcat started on port 8080 (http) with context path '/'
2026-01-01T15:31:38.999+05:30  INFO 8516 --- [           main] c.e.s.SpringbootSampleAppApplication     : Started SpringbootSampleAppApplication in 2.292 seconds (process running for 21.58)
]]></system-out>
  </testcase>
  <testcase name="testLoginMethod" classname="com.example.sample_java_assignment_app.SpringbootSampleAppApplicationTests" time="0.028"/>
</testsuite>